<?xml version="1.0" encoding="UTF-8"?>
<testng-results ignored="0" total="1" passed="1" failed="0" skipped="0">
  <reporter-output>
  </reporter-output>
  <suite started-at="2025-01-17T23:09:12 IST" name="Surefire suite" finished-at="2025-01-17T23:09:25 IST" duration-ms="13390">
    <groups>
      <group name="cucumber">
        <method signature="AbstractTestNGCucumberTests.runScenario(io.cucumber.testng.PickleWrapper,io.cucumber.testng.FeatureWrapper)[pri:0, instance:runner.TestNgRunner@353d0772]" name="runScenario" class="io.cucumber.testng.AbstractTestNGCucumberTests"/>
      </group> <!-- cucumber -->
    </groups>
    <test started-at="2025-01-17T23:09:12 IST" name="Surefire test" finished-at="2025-01-17T23:09:25 IST" duration-ms="13390">
      <class name="runner.TestNgRunner">
        <test-method is-config="true" signature="setUpClass(org.testng.ITestContext)[pri:0, instance:runner.TestNgRunner@353d0772]" started-at="2025-01-17T23:09:12 IST" name="setUpClass" finished-at="2025-01-17T23:09:13 IST" duration-ms="1523" status="PASS">
          <params>
            <param index="0">
              <value>
                <![CDATA[org.testng.TestRunner@15bc339]]>
              </value>
            </param>
          </params>
          <reporter-output>
          </reporter-output>
        </test-method> <!-- setUpClass -->
        <test-method signature="runScenario(io.cucumber.testng.PickleWrapper,io.cucumber.testng.FeatureWrapper)[pri:0, instance:runner.TestNgRunner@353d0772]" started-at="2025-01-17T23:09:13 IST" name="runScenario" description="Runs Cucumber Scenarios" data-provider="scenarios" finished-at="2025-01-17T23:09:24 IST" duration-ms="10958" status="PASS">
          <params>
            <param index="0">
              <value>
                <![CDATA["Verify by search, add, enter quantity and checkout a product"]]>
              </value>
            </param>
            <param index="1">
              <value>
                <![CDATA["Plase the order for Products"]]>
              </value>
            </param>
          </params>
          <reporter-output>
          </reporter-output>
        </test-method> <!-- runScenario -->
        <test-method is-config="true" signature="tearDownClass()[pri:0, instance:runner.TestNgRunner@353d0772]" started-at="2025-01-17T23:09:24 IST" name="tearDownClass" finished-at="2025-01-17T23:09:25 IST" duration-ms="791" status="PASS">
          <reporter-output>
          </reporter-output>
        </test-method> <!-- tearDownClass -->
      </class> <!-- runner.TestNgRunner -->
    </test> <!-- Surefire test -->
  </suite> <!-- Surefire suite -->
</testng-results>
