<?xml version="1.0" encoding="UTF-8"?>
<testsuite xmlns:xsi="http://www.w3.org/2001/XMLSchema-instance" xsi:noNamespaceSchemaLocation="https://maven.apache.org/surefire/maven-surefire-plugin/xsd/surefire-test-report-3.0.xsd" version="3.0" name="TestSuite" time="14.318" tests="1" errors="0" skipped="0" failures="0">
  <properties>
[...]
</properties>
  <testcase name="runScenario[&quot;Verify by search, add, enter quantity and checkout a product&quot;, &quot;Plase the order for Products&quot;](1)" classname="runner.TestNgRunner" time="10.942">
    <system-out><![CDATA[
@PlaceOrder
Scenario: Verify by search, add, enter quantity and checkout a product       # src/test/java/features/addProductAndCheckout.feature:4
  Given Verify User is on Greencart landing page                             # stepdefinitions.LandingPageStepDefinition.verify_user_is_on_greencart_landing_page()
Tomato is extracted from Home Page
  When user searches with shortname Tom and extracted actual name of product # stepdefinitions.LandingPageStepDefinition.user_searches_with_shorname_and_extracted_actual_name_of_product(java.lang.String)
  And enters quantity as 4 and adds to the cart                              # stepdefinitions.LandingPageStepDefinition.enters_quantity_and_adds_to_the_cart(java.lang.String)
  And Proceeds to checkout page                                              # stepdefinitions.LandingPageStepDefinition.proceeds_to_checkout_page()
  Then user verifies same product displays on checkout page                  # stepdefinitions.CheckoutPageStepDefinition.user_verifies_same_product_displays_on_checkout_page()
  And Validate Apply button is visible                                       # stepdefinitions.CheckoutPageStepDefinition.validate_apply_button_is_visible()
  And Validate Place Order button is visible                                 # stepdefinitions.CheckoutPageStepDefinition.validate_place_order_button_is_visible()
]]></system-out>
    <system-err><![CDATA[SLF4J: Failed to load class "org.slf4j.impl.StaticLoggerBinder".
SLF4J: Defaulting to no-operation (NOP) logger implementation
SLF4J: See http://www.slf4j.org/codes.html#StaticLoggerBinder for further details.
]]></system-err>
  </testcase>
</testsuite>